<?xml version="1.0" encoding="UTF-8" ?>
<testsuite tests="7" failures="0" name="Test" time="0.802" errors="0" skipped="0">
  <properties>
[...]
</properties>
  <testcase classname="Test" name="Test3" time="0.005"/>
  <testcase classname="Test" name="Test4" time="0"/>
  <testcase classname="Test" name="Test5" time="0"/>
  <testcase classname="Test" name="Test6" time="0.797"/>
  <testcase classname="Test" name="Test7" time="0"/>
  <testcase classname="Test" name="test1" time="0"/>
  <testcase classname="Test" name="test2" time="0"/>
</testsuite>